[2020-11-05 14:56:21,078][conftest.py 52][INFO]: 添加结果为{'data': None, 'message': '成功', 'status': '0'}
[2020-11-05 14:56:21,127][conftest.py 96][ERROR]: 添加项目前置执行失败，错误为'NoneType' object is not subscriptable
[2020-11-05 14:59:14,125][conftest.py 52][INFO]: 添加结果为{'data': None, 'message': '成功', 'status': '0'}
[2020-11-05 15:00:08,119][conftest.py 52][INFO]: 添加结果为{'data': None, 'message': '成功', 'status': '0'}
[2020-11-05 15:02:40,506][conftest.py 52][INFO]: 添加结果为{'data': None, 'message': '成功', 'status': '0'}
[2020-11-05 15:04:12,325][conftest.py 52][INFO]: 添加结果为{'data': None, 'message': '成功', 'status': '0'}
[2020-11-05 15:05:46,051][conftest.py 52][INFO]: 添加结果为{'data': None, 'message': '成功', 'status': '0'}
[2020-11-05 15:09:49,793][conftest.py 52][INFO]: 添加结果为{'data': None, 'message': '成功', 'status': '0'}
[2020-11-05 15:11:38,938][conftest.py 52][INFO]: 添加结果为{'data': None, 'message': '成功', 'status': '0'}
[2020-11-05 15:11:39,033][conftest.py 96][ERROR]: 添加项目前置执行失败，错误为'NoneType' object is not subscriptable
[2020-11-05 15:13:51,701][conftest.py 52][INFO]: 添加结果为{'data': None, 'message': '成功', 'status': '0'}
[2020-11-05 15:15:32,475][conftest.py 96][ERROR]: 添加项目前置执行失败，错误为'NoneType' object is not subscriptable
[2020-11-05 15:16:12,350][conftest.py 52][INFO]: 添加结果为{'data': None, 'message': '成功', 'status': '0'}
[2020-11-05 15:16:12,403][conftest.py 96][ERROR]: 添加项目前置执行失败，错误为'NoneType' object is not subscriptable
[2020-11-05 15:20:15,062][conftest.py 52][INFO]: 添加结果为{'data': None, 'message': '成功', 'status': '0'}
[2020-11-05 15:20:15,120][conftest.py 96][ERROR]: 添加项目前置执行失败，错误为'NoneType' object is not subscriptable
[2020-11-05 15:22:19,294][conftest.py 57][INFO]: 添加结果为{'data': None, 'message': '成功', 'status': '0'}
[2020-11-05 15:22:19,592][test_user_delete.py 22][INFO]: 当前获取到的token：283819941,userId：300386926614020096
[2020-11-05 15:25:09,577][conftest.py 57][INFO]: 添加结果为{'data': None, 'message': '成功', 'status': '0'}
[2020-11-05 15:25:09,831][test_user_delete.py 22][INFO]: 当前获取到的token：2040500489,userId：300386926614020096
[2020-11-05 15:33:44,005][conftest.py 57][INFO]: 添加结果为{'data': None, 'message': '成功', 'status': '0'}
[2020-11-05 15:33:44,293][test_user_delete.py 22][INFO]: 当前获取到的token：703940144,userId：300386926614020096
[2020-11-05 15:33:44,334][test_user_delete.py 30][INFO]: 被删除用户id为
[2020-11-05 15:33:44,356][test_user_delete.py 34][INFO]: 删除结果为id不能为空
[2020-11-05 15:36:00,571][conftest.py 57][INFO]: 添加结果为{'data': None, 'message': '成功', 'status': '0'}
[2020-11-05 15:36:01,148][test_user_delete.py 22][INFO]: 当前获取到的token：472253576,userId：300386926614020096
[2020-11-05 15:36:01,178][test_user_delete.py 30][INFO]: 被删除用户id为
[2020-11-05 15:36:01,198][test_user_delete.py 35][INFO]: 删除结果为id不能为空
[2020-11-05 15:36:58,949][conftest.py 57][INFO]: 添加结果为{'data': None, 'message': '成功', 'status': '0'}
[2020-11-05 15:36:59,229][test_user_delete.py 22][INFO]: 当前获取到的token：1603692497,userId：300386926614020096
[2020-11-05 15:38:13,504][conftest.py 57][INFO]: 添加结果为{'data': None, 'message': '成功', 'status': '0'}
[2020-11-05 15:38:13,916][test_user_delete.py 22][INFO]: 当前获取到的token：473094181,userId：300386926614020096
[2020-11-05 15:38:13,944][test_user_delete.py 31][INFO]: 被删除用户id为
[2020-11-05 15:38:13,960][test_user_delete.py 35][INFO]: 删除结果为id不能为空
[2020-11-05 15:38:36,505][conftest.py 57][INFO]: 添加结果为{'data': None, 'message': '成功', 'status': '0'}
[2020-11-05 15:38:36,860][test_user_delete.py 22][INFO]: 当前获取到的token：1423983543,userId：300386926614020096
[2020-11-05 15:41:56,869][test_user_delete.py 31][INFO]: 被删除用户id为
[2020-11-05 15:41:56,886][test_user_delete.py 35][INFO]: 删除结果为id不能为空
[2020-11-05 15:41:57,072][conftest.py 101][ERROR]: 添加项目前置执行失败，错误为'data'
[2020-11-05 15:41:57,085][conftest.py 66][ERROR]: 添加项目前置执行失败，错误为'data'
[2020-11-05 15:42:03,515][conftest.py 57][INFO]: 添加结果为{'data': None, 'message': '成功', 'status': '0'}
[2020-11-05 15:42:03,904][test_user_delete.py 22][INFO]: 当前获取到的token：729923051,userId：300386926614020096
[2020-11-05 15:42:03,930][test_user_delete.py 31][INFO]: 被删除用户id为
[2020-11-05 15:42:03,944][test_user_delete.py 35][INFO]: 删除结果为id不能为空
[2020-11-05 15:44:15,591][conftest.py 57][INFO]: 添加结果为{'data': None, 'message': '成功', 'status': '0'}
[2020-11-05 15:44:16,207][test_user_delete.py 22][INFO]: 当前获取到的token：1035498781,userId：300386926614020096
[2020-11-05 15:44:16,234][test_user_delete.py 31][INFO]: 被删除用户id为
[2020-11-05 15:44:16,248][test_user_delete.py 35][INFO]: 删除结果为id不能为空
[2020-11-05 15:45:33,979][conftest.py 57][INFO]: 添加结果为{'data': None, 'message': '成功', 'status': '0'}
[2020-11-05 15:50:58,908][test_user_delete.py 22][INFO]: 当前获取到的token：2067294129,userId：300386926614020096
[2020-11-05 15:50:58,929][test_user_delete.py 31][INFO]: 被删除用户id为
[2020-11-05 15:50:58,938][test_user_delete.py 35][INFO]: 删除结果为id不能为空
[2020-11-05 15:51:26,559][conftest.py 57][INFO]: 添加结果为{'data': None, 'message': '成功', 'status': '0'}
[2020-11-05 15:51:27,440][test_user_delete.py 22][INFO]: 当前获取到的token：1537899023,userId：300386926614020096
[2020-11-05 15:51:27,469][test_user_delete.py 31][INFO]: 被删除用户id为
[2020-11-05 15:51:27,481][test_user_delete.py 35][INFO]: 删除结果为id不能为空
[2020-11-05 15:53:10,259][conftest.py 57][INFO]: 添加结果为{'data': None, 'message': '成功', 'status': '0'}
[2020-11-05 15:53:11,407][test_user_delete.py 22][INFO]: 当前获取到的token：1316213654,userId：300386926614020096
[2020-11-05 15:53:55,963][test_user_delete.py 31][INFO]: 被删除用户id为
[2020-11-05 15:53:55,979][test_user_delete.py 35][INFO]: 删除结果为id不能为空
[2020-11-05 15:54:11,186][conftest.py 57][INFO]: 添加结果为{'data': None, 'message': '成功', 'status': '0'}
[2020-11-05 15:54:12,859][test_user_delete.py 22][INFO]: 当前获取到的token：440115320,userId：300386926614020096
[2020-11-05 15:54:12,982][test_user_delete.py 32][INFO]: 被删除用户id为310190137466159104
[2020-11-05 15:54:13,618][test_user_delete.py 36][INFO]: 删除结果为成功
[2020-11-05 15:54:48,914][conftest.py 57][INFO]: 添加结果为{'data': None, 'message': '成功', 'status': '0'}
[2020-11-05 15:54:49,720][test_user_delete.py 22][INFO]: 当前获取到的token：1916372386,userId：300386926614020096
[2020-11-05 15:54:49,747][test_user_delete.py 32][INFO]: 被删除用户id为310190294010167296
[2020-11-05 15:54:50,358][test_user_delete.py 36][INFO]: 删除结果为成功
[2020-11-05 16:03:48,106][conftest.py 57][INFO]: 添加结果为{'data': None, 'message': '成功', 'status': '0'}
[2020-11-05 16:03:48,937][test_user_delete.py 22][INFO]: 当前获取到的token：2128841004,userId：300386926614020096
[2020-11-05 16:03:48,975][test_user_delete.py 32][INFO]: 被删除用户id为310192556392579072
[2020-11-05 16:03:49,535][test_user_delete.py 36][INFO]: 删除结果为成功
[2020-11-05 16:04:51,991][conftest.py 57][INFO]: 添加结果为{'data': None, 'message': '成功', 'status': '0'}
[2020-11-05 16:04:53,135][test_user_delete.py 22][INFO]: 当前获取到的token：1350236042,userId：300386926614020096
[2020-11-05 16:04:53,163][test_user_delete.py 32][INFO]: 被删除用户id为310192823699767296
[2020-11-05 16:04:53,923][test_user_delete.py 36][INFO]: 删除结果为成功
[2020-11-05 16:05:18,848][conftest.py 57][INFO]: 添加结果为{'data': None, 'message': '成功', 'status': '0'}
[2020-11-05 16:05:20,124][test_user_delete.py 22][INFO]: 当前获取到的token：555975511,userId：300386926614020096
[2020-11-05 16:05:20,152][test_user_delete.py 32][INFO]: 被删除用户id为310192936467824640
[2020-11-05 16:05:20,837][test_user_delete.py 36][INFO]: 删除结果为成功
